Plugins:
Bundled analyzers:
  - Python Code Quality and Security 4.17.0.14845 (python)
  - Clean as You Code 2.3.0.1782 (cayc)
  - XML Code Quality and Security 2.10.0.4108 (xml)
  - JaCoCo 1.3.0.1538 (jacoco)
  - IaC Code Quality and Security 1.27.0.9518 (iac)
  - Text Code Quality and Security 2.10.0.2188 (text)
Global server settings:
  - sonar.azureresourcemanager.file.suffixes=.bicep
  - sonar.core.id=147B411E-AY_vSf8h4GOFIXytv9GG
  - sonar.core.startTime=2024-06-06T20:42:32+0000
  - sonar.cs.file.suffixes=.cs,.razor
  - sonar.css.file.suffixes=.css,.less,.scss,.sass
  - sonar.docker.file.patterns=Dockerfile,*.dockerfile
  - sonar.flex.file.suffixes=as
  - sonar.forceAuthentication=true
  - sonar.go.file.suffixes=.go
  - sonar.html.file.suffixes=.html,.xhtml,.cshtml,.vbhtml,.aspx,.ascx,.rhtml,.erb,.shtm,.shtml,.cmp,.twig
  - sonar.java.file.suffixes=.java,.jav
  - sonar.javascript.file.suffixes=.js,.jsx,.cjs,.mjs,.vue
  - sonar.json.file.suffixes=.json
  - sonar.jsp.file.suffixes=.jsp,.jspf,.jspx
  - sonar.kotlin.file.suffixes=.kt,.kts
  - sonar.php.file.suffixes=php,php3,php4,php5,phtml,inc
  - sonar.python.file.suffixes=py
  - sonar.qualityProfiles.allowDisableInheritedRules=true
  - sonar.ruby.file.suffixes=.rb
  - sonar.scala.file.suffixes=.scala
  - sonar.terraform.file.suffixes=.tf
  - sonar.typescript.file.suffixes=.ts,.tsx,.cts,.mts
  - sonar.vbnet.file.suffixes=.vb
  - sonar.xml.file.suffixes=.xml,.xsd,.xsl,.config
  - sonar.yaml.file.suffixes=.yaml,.yml
Project server settings:
  - sonar.azureresourcemanager.file.suffixes=.bicep
  - sonar.cs.file.suffixes=.cs,.razor
  - sonar.css.file.suffixes=.css,.less,.scss,.sass
  - sonar.docker.file.patterns=Dockerfile,*.dockerfile
  - sonar.flex.file.suffixes=as
  - sonar.go.file.suffixes=.go
  - sonar.html.file.suffixes=.html,.xhtml,.cshtml,.vbhtml,.aspx,.ascx,.rhtml,.erb,.shtm,.shtml,.cmp,.twig
  - sonar.java.file.suffixes=.java,.jav
  - sonar.javascript.file.suffixes=.js,.jsx,.cjs,.mjs,.vue
  - sonar.json.file.suffixes=.json
  - sonar.jsp.file.suffixes=.jsp,.jspf,.jspx
  - sonar.kotlin.file.suffixes=.kt,.kts
  - sonar.php.file.suffixes=php,php3,php4,php5,phtml,inc
  - sonar.python.file.suffixes=py
  - sonar.ruby.file.suffixes=.rb
  - sonar.scala.file.suffixes=.scala
  - sonar.terraform.file.suffixes=.tf
  - sonar.typescript.file.suffixes=.ts,.tsx,.cts,.mts
  - sonar.vbnet.file.suffixes=.vb
  - sonar.xml.file.suffixes=.xml,.xsd,.xsl,.config
  - sonar.yaml.file.suffixes=.yaml,.yml
Project scanner properties:
  - sonar.host.url=http://localhost:9000
  - sonar.language=php
  - sonar.login=******
  - sonar.projectBaseDir=C:\xampp\htdocs\ejemplo1
  - sonar.projectKey=ejemplo1
  - sonar.projectName=ejemplo1
  - sonar.projectVersion=1.0
  - sonar.scanner.apiBaseUrl=http://localhost:9000/api/v2
  - sonar.scanner.app=ScannerCLI
  - sonar.scanner.appVersion=6.0.0.4432
  - sonar.scanner.arch=amd64
  - sonar.scanner.bootstrapStartTime=1717710576711
  - sonar.scanner.home=C:\xampp\htdocs\ejemplo1\sonar-scanner-cli-6.0.0.4432-windows\sonar-scanner-cli-6.0.0.4432-windows\sonar-scanner-6.0.0.4432-windows\bin\..
  - sonar.scanner.os=windows
  - sonar.scanner.wasEngineCacheHit=true
  - sonar.sourceEncoding=UTF-8
  - sonar.sources=.
  - sonar.token=******
  - sonar.working.directory=C:\xampp\htdocs\ejemplo1\.scannerwork
